Loading historical results...
  1071 games
Loading team stats...
  18 years: [2008, 2009, 2010, 2011, 2012, 2013, 2014, 2015, 2016, 2017, 2018, 2019, 2021, 2022, 2023, 2024, 2025, 2026]
Building game pairs (matching teams to stats)...
  1071 matchable games

============================================================
  CURRENT BASELINE
============================================================
  Games scored: 1071
  Accuracy:     75.1% (804/1071)
  Brier score:  0.1643
  Log loss:     0.4973
  Spread MAE:   8.4 pts
  Total bias:   -1.8 pts  MAE: 13.5 pts

  Per-round breakdown:
    Round of 64     : 77.4% (421/544)  Brier=0.1552
    Round of 32     : 75.7% (206/272)  Brier=0.1592
    Sweet 16        : 66.9% (91/136)  Brier=0.1905
    Elite 8         : 67.6% (46/68)  Brier=0.2033
    Final Four      : 76.5% (26/34)  Brier=0.1613
    Championship    : 82.4% (14/17)  Brier=0.1784

  Multi-start run 1/2 (seed=42)

--- CV-based optimization: 8 folds, objective=brier ---
Traceback (most recent call last):
  File "/Users/matthewgennarelli/Downloads/files/scripts/calibrate.py", line 1040, in <module>
    main()
    ~~~~^^
  File "/Users/matthewgennarelli/Downloads/files/scripts/calibrate.py", line 981, in main
    opt, cfg = calibrate_walk_forward(
               ~~~~~~~~~~~~~~~~~~~~~~^
        pairs, objective_name, maxiter, popsize, s, use_cv_objective=use_cv_objective, min_floor=min_floor,
        ^^^^^^^^^^^^^^^^^^^^^^^^^^^^^^^^^^^^^^^^^^^^^^^^^^^^^^^^^^^^^^^^^^^^^^^^^^^^^^^^^^^^^^^^^^^^^^^^^^^
        games=games if objective_name == "brier+f4" else None,
        ^^^^^^^^^^^^^^^^^^^^^^^^^^^^^^^^^^^^^^^^^^^^^^^^^^^^^^
        brier_f4_weights=brier_f4_weights
        ^^^^^^^^^^^^^^^^^^^^^^^^^^^^^^^^^
    )
    ^
  File "/Users/matthewgennarelli/Downloads/files/scripts/calibrate.py", line 734, in calibrate_walk_forward
    result = differential_evolution(
        objective, bounds, seed=seed, maxiter=maxiter, tol=1e-6, popsize=popsize,
        mutation=(0.5, 1.5), recombination=0.8
    )
  File "/Users/matthewgennarelli/Downloads/files/venv/lib/python3.13/site-packages/scipy/_lib/_util.py", line 365, in wrapper
    return fun(*args, **kwargs)
  File "/Users/matthewgennarelli/Downloads/files/venv/lib/python3.13/site-packages/scipy/optimize/_differentialevolution.py", line 533, in differential_evolution
    ret = solver.solve()
  File "/Users/matthewgennarelli/Downloads/files/venv/lib/python3.13/site-packages/scipy/optimize/_differentialevolution.py", line 1219, in solve
    self._calculate_population_energies(
    ~~~~~~~~~~~~~~~~~~~~~~~~~~~~~~~~~~~^
        self.population[self.feasible]))
        ^^^^^^^^^^^^^^^^^^^^^^^^^^^^^^^
  File "/Users/matthewgennarelli/Downloads/files/venv/lib/python3.13/site-packages/scipy/optimize/_differentialevolution.py", line 1395, in _calculate_population_energies
    calc_energies = list(
        self._mapwrapper(self.func, parameters_pop[0:S])
    )
  File "/Users/matthewgennarelli/Downloads/files/venv/lib/python3.13/site-packages/scipy/_lib/_util.py", line 588, in __call__
    return self.f(x, *self.args)
           ~~~~~~^^^^^^^^^^^^^^^
  File "/Users/matthewgennarelli/Downloads/files/scripts/calibrate.py", line 719, in objective
    score, cv_brier = _compute_cv_score(
                      ~~~~~~~~~~~~~~~~~^
        pairs_by_year, PARAM_SPEC, x, objective_name, test_years, baseline_acc_ref[0],
        ^^^^^^^^^^^^^^^^^^^^^^^^^^^^^^^^^^^^^^^^^^^^^^^^^^^^^^^^^^^^^^^^^^^^^^^^^^^^^^
        games=games, brier_f4_weights=brier_f4_weights
        ^^^^^^^^^^^^^^^^^^^^^^^^^^^^^^^^^^^^^^^^^^^^^^
    )
    ^
  File "/Users/matthewgennarelli/Downloads/files/scripts/calibrate.py", line 671, in _compute_cv_score
    metrics = score_model(test_pairs, config)
  File "/Users/matthewgennarelli/Downloads/files/scripts/calibrate.py", line 249, in score_model
    result = predict_game(enrich_team(a), enrich_team(b), config=config,
                          round_name=rname)
  File "/Users/matthewgennarelli/Downloads/files/engine.py", line 327, in predict_game
    possession_margin = _calc_possession_edge_margin(team_a, team_b, poss, config)
  File "/Users/matthewgennarelli/Downloads/files/engine.py", line 504, in _calc_possession_edge_margin
    def _calc_possession_edge_margin(team_a, team_b, poss, config):
    
KeyboardInterrupt
